<?xml version="1.0" encoding="UTF-8"?>
<!-- Generated by org.testng.reporters.JUnitXMLReporter -->
<testsuite ignored="0" hostname="EPKZALMW00C3" failures="0" tests="3" name="Command line test" time="0.099" errors="0" timestamp="22 Dec 2024 12:02:28 GMT">
  <testcase classname="com.epam.stv.design.BasicTest" name="@BeforeClass setUp" time="0.0">
    <failure type="java.lang.IllegalStateException" message="The path to the driver executable must be set by the webdriver.chrome.driver system property; for more information, see https://github.com/SeleniumHQ/selenium/wiki/ChromeDriver. The latest version can be downloaded from http://chromedriver.storage.googleapis.com/index.html">
      <![CDATA[java.lang.IllegalStateException: The path to the driver executable must be set by the webdriver.chrome.driver system property; for more information, see https://github.com/SeleniumHQ/selenium/wiki/ChromeDriver. The latest version can be downloaded from http://chromedriver.storage.googleapis.com/index.html
	at com.google.common.base.Preconditions.checkState(Preconditions.java:199)
	at org.openqa.selenium.remote.service.DriverService.findExecutable(DriverService.java:109)
	at org.openqa.selenium.chrome.ChromeDriverService.access$000(ChromeDriverService.java:32)
	at org.openqa.selenium.chrome.ChromeDriverService$Builder.findDefaultExecutable(ChromeDriverService.java:137)
	at org.openqa.selenium.remote.service.DriverService$Builder.build(DriverService.java:296)
	at org.openqa.selenium.chrome.ChromeDriverService.createDefaultService(ChromeDriverService.java:88)
	at org.openqa.selenium.chrome.ChromeDriver.<init>(ChromeDriver.java:142)
	at com.epam.stv.design.BasicTest.setChromeDriver(BasicTest.java:44)
	at com.epam.stv.design.BasicTest.getDriver(BasicTest.java:31)
	at com.epam.stv.design.BasicTest.setUp(BasicTest.java:61)
	at com.epam.stv.design.TestRunner.main(TestRunner.java:15)
... Removed 20 stack frames]]>
    </failure>
  </testcase> <!-- @BeforeClass setUp -->
  <testcase classname="com.epam.stv.design.BasicTest" name="@BeforeClass addImplicitly" time="0.0">
    <skipped/>
  </testcase> <!-- @BeforeClass addImplicitly -->
  <testcase classname="com.epam.stv.design.BasicTest" name="@BeforeClass enableJavaScript" time="0.0">
    <skipped/>
  </testcase> <!-- @BeforeClass enableJavaScript -->
  <testcase classname="com.epam.stv.design.BasicTest" name="@AfterClass afterClass" time="0.0">
    <skipped/>
  </testcase> <!-- @AfterClass afterClass -->
  <testcase classname="com.epam.stv.design.AirDefaultPageTest" name="assertOtherCountryItemIsDisplayed" time="0.0">
    <skipped/>
  </testcase> <!-- assertOtherCountryItemIsDisplayed -->
  <testcase classname="com.epam.stv.design.AirDefaultPageTest" name="clickOnOtherCountryLink" time="0.0">
    <skipped/>
  </testcase> <!-- clickOnOtherCountryLink -->
  <testcase classname="com.epam.stv.design.AirDefaultPageTest" name="inspectAirHomePageOpened" time="0.0">
    <skipped/>
  </testcase> <!-- inspectAirHomePageOpened -->
</testsuite> <!-- Command line test -->
