<?xml version="1.0" encoding="UTF-8"?>
<!-- Generated by org.testng.reporters.JUnitReportReporter -->
<testsuite ignored="0" hostname="EPKZALMW00C3" failures="0" tests="4" name="com.epam.stv.design.AirDefaultPageTest" time="0.000" errors="1" timestamp="22 Dec 2024 12:02:28 GMT" skipped="3">
  <testcase classname="com.epam.stv.design.AirDefaultPageTest" name="setUp" time="0.000">
    <error message="The path to the driver executable must be set by the webdriver.chrome.driver system property; for more information, see https://github.com/SeleniumHQ/selenium/wiki/ChromeDriver. The latest version can be downloaded from http://chromedriver.storage.googleapis.com/index.html" type="java.lang.IllegalStateException">
      <![CDATA[java.lang.IllegalStateException: The path to the driver executable must be set by the webdriver.chrome.driver system property; for more information, see https://github.com/SeleniumHQ/selenium/wiki/ChromeDriver. The latest version can be downloaded from http://chromedriver.storage.googleapis.com/index.html
	at com.google.common.base.Preconditions.checkState(Preconditions.java:199)
	at org.openqa.selenium.remote.service.DriverService.findExecutable(DriverService.java:109)
	at org.openqa.selenium.chrome.ChromeDriverService.access$000(ChromeDriverService.java:32)
	at org.openqa.selenium.chrome.ChromeDriverService$Builder.findDefaultExecutable(ChromeDriverService.java:137)
	at org.openqa.selenium.remote.service.DriverService$Builder.build(DriverService.java:296)
	at org.openqa.selenium.chrome.ChromeDriverService.createDefaultService(ChromeDriverService.java:88)
	at org.openqa.selenium.chrome.ChromeDriver.<init>(ChromeDriver.java:142)
	at com.epam.stv.design.BasicTest.setChromeDriver(BasicTest.java:44)
	at com.epam.stv.design.BasicTest.getDriver(BasicTest.java:31)
	at com.epam.stv.design.BasicTest.setUp(BasicTest.java:61)
	at java.base/jdk.internal.reflect.DirectMethodHandleAccessor.invoke(DirectMethodHandleAccessor.java:103)
	at java.base/java.lang.reflect.Method.invoke(Method.java:580)
	at org.testng.internal.MethodInvocationHelper.invokeMethod(MethodInvocationHelper.java:104)
	at org.testng.internal.Invoker.invokeConfigurationMethod(Invoker.java:515)
	at org.testng.internal.Invoker.invokeConfigurations(Invoker.java:217)
	at org.testng.internal.Invoker.invokeConfigurations(Invoker.java:144)
	at org.testng.internal.TestMethodWorker.invokeBeforeClassMethods(TestMethodWorker.java:169)
	at org.testng.internal.TestMethodWorker.run(TestMethodWorker.java:108)
	at org.testng.TestRunner.privateRun(TestRunner.java:756)
	at org.testng.TestRunner.run(TestRunner.java:610)
	at org.testng.SuiteRunner.runTest(SuiteRunner.java:387)
	at org.testng.SuiteRunner.runSequentially(SuiteRunner.java:382)
	at org.testng.SuiteRunner.privateRun(SuiteRunner.java:340)
	at org.testng.SuiteRunner.run(SuiteRunner.java:289)
	at org.testng.SuiteRunnerWorker.runSuite(SuiteRunnerWorker.java:52)
	at org.testng.SuiteRunnerWorker.run(SuiteRunnerWorker.java:86)
	at org.testng.TestNG.runSuitesSequentially(TestNG.java:1293)
	at org.testng.TestNG.runSuitesLocally(TestNG.java:1218)
	at org.testng.TestNG.runSuites(TestNG.java:1133)
	at org.testng.TestNG.run(TestNG.java:1104)
	at com.epam.stv.design.TestRunner.main(TestRunner.java:15)
]]>
    </error>
  </testcase> <!-- setUp -->
  <testcase classname="com.epam.stv.design.AirDefaultPageTest" name="assertOtherCountryItemIsDisplayed" time="0.000">
    <skipped/>
  </testcase> <!-- assertOtherCountryItemIsDisplayed -->
  <testcase classname="com.epam.stv.design.AirDefaultPageTest" name="clickOnOtherCountryLink" time="0.000">
    <skipped/>
  </testcase> <!-- clickOnOtherCountryLink -->
  <testcase classname="com.epam.stv.design.AirDefaultPageTest" name="inspectAirHomePageOpened" time="0.000">
    <skipped/>
  </testcase> <!-- inspectAirHomePageOpened -->
</testsuite> <!-- com.epam.stv.design.AirDefaultPageTest -->
